2025-04-04 15:47:10,468 - INFO - Started booking_process function
2025-04-04 15:47:10,469 - INFO - Processing Booking ID: 2501LCLCMM05850007
2025-04-04 15:47:10,471 - INFO - Processing Booking ID: 2501LCLCEN04790013
2025-04-04 15:47:10,472 - INFO - Processing Booking ID: 2501LCLCMM02460018
2025-04-04 15:47:10,472 - WARNING - Unexpected vdes format for Booking ID 2501LCLCMM02460018: nan
2025-04-04 15:47:10,472 - INFO - Processing Booking ID: 2501LCLCMM06300003
2025-04-04 15:47:10,473 - INFO - Processing Booking ID: 2501LCLCMM06300003
2025-04-04 15:47:10,474 - INFO - Processing Booking ID: 2501LCLCMM06300003
2025-04-04 15:47:10,475 - INFO - Processing Booking ID: 2501LCLCMM00430022
2025-04-04 15:47:10,477 - INFO - Processing Booking ID: 2501LCLCEN04790016
2025-04-04 15:47:10,479 - INFO - Processing Booking ID: 2501LCLCMM06370002
2025-04-04 15:47:10,480 - INFO - Processing Booking ID: 2501LCLCMM02460019
2025-04-04 15:47:10,481 - WARNING - Unexpected vdes format for Booking ID 2501LCLCMM02460019: nan
2025-04-04 15:47:10,481 - INFO - Processing Booking ID: 2501LCLCEN04490014
2025-04-04 15:47:10,482 - INFO - Processing Booking ID: 2501LCLCMM04850005
2025-04-04 15:47:10,482 - INFO - Processing Booking ID: 2501LCLCMM06410003
2025-04-04 15:47:10,483 - INFO - Processing Booking ID: 2501LCLCEN04790018
2025-04-04 15:47:10,484 - INFO - Processing Booking ID: 2501LCLCMM00820019
2025-04-04 15:47:10,485 - INFO - Processing Booking ID: 2501LCLCMM05820008
2025-04-04 15:47:10,486 - INFO - Processing Booking ID: 2501LCLCMM02460022
2025-04-04 15:47:10,486 - WARNING - Unexpected vdes format for Booking ID 2501LCLCMM02460022: nan
2025-04-04 15:47:10,486 - INFO - Processing Booking ID: 2501LCLCMM05470020
2025-04-04 15:47:10,487 - INFO - Processing Booking ID: 2501LCLCMM06440006
2025-04-04 15:47:10,488 - INFO - Processing Booking ID: 2501LCLCMM00780022
2025-04-04 15:47:10,488 - INFO - Processing Booking ID: 2501LCLCMM06400002
2025-04-04 15:47:10,489 - INFO - Processing Booking ID: 2501LCLCMM05870011
2025-04-04 15:47:10,490 - INFO - Processing Booking ID: 2501LCLCMM00430024
2025-04-04 15:47:10,491 - INFO - Processing Booking ID: 2501LCLCMM04660007
2025-04-04 15:47:10,493 - INFO - Processing Booking ID: 2501LCLCMM05470024
2025-04-04 15:47:10,494 - INFO - Processing Booking ID: 2501LCLCEN04790020
2025-04-04 15:47:10,495 - INFO - Processing Booking ID: 2501LCLCMM00820021
2025-04-04 15:47:10,496 - INFO - Processing Booking ID: 2501LCLCEN04470006
2025-04-04 15:47:10,497 - INFO - Processing Booking ID: 2501LCLCMM02460023
2025-04-04 15:47:10,497 - WARNING - Unexpected vdes format for Booking ID 2501LCLCMM02460023: nan
2025-04-04 15:47:10,497 - INFO - Processing Booking ID: 2501LCLCMM02460024
2025-04-04 15:47:10,497 - WARNING - Unexpected vdes format for Booking ID 2501LCLCMM02460024: nan
2025-04-04 15:47:10,497 - INFO - Processing Booking ID: 2501LCLCMM03400022
2025-04-04 15:47:10,498 - INFO - Processing Booking ID: 2501LCLCMM05470028
2025-04-04 15:47:10,499 - INFO - Processing Booking ID: 2501LCLCMM06410009
2025-04-04 15:47:10,500 - INFO - Processing Booking ID: 2501LCLCMM00780024
2025-04-04 15:47:10,500 - INFO - Processing Booking ID: 2501LCLCEN05850014
2025-04-04 15:47:10,501 - INFO - Processing Booking ID: 2501LCLCMM02460025
2025-04-04 15:47:10,501 - WARNING - Unexpected vdes format for Booking ID 2501LCLCMM02460025: nan
2025-04-04 15:47:10,502 - INFO - Processing Booking ID: 2501LCLCMM00820023
2025-04-04 15:47:10,502 - INFO - Processing Booking ID: 2501LCLCEN04790025
2025-04-04 15:47:10,503 - INFO - Processing Booking ID: 2501LCLCMM02460026
2025-04-04 15:47:10,503 - WARNING - Unexpected vdes format for Booking ID 2501LCLCMM02460026: nan
2025-04-04 15:47:10,504 - INFO - Processing Booking ID: 2501LCLCMM02460027
2025-04-04 15:47:10,504 - WARNING - Unexpected vdes format for Booking ID 2501LCLCMM02460027: nan
2025-04-04 15:47:10,504 - INFO - Processing Booking ID: 2501LCLCEN04470034
2025-04-04 15:47:10,505 - INFO - Processing Booking ID: 2501LCLCMM05870014
2025-04-04 15:47:10,505 - INFO - Processing Booking ID: 2501LCLCMM06080021
2025-04-04 15:47:10,506 - INFO - Processing Booking ID: 2501LCLCMM06080023
2025-04-04 15:47:10,507 - INFO - Processing Booking ID: 2502LCLCMM05990005
2025-04-04 15:47:10,508 - INFO - Processing Booking ID: 2502LCLCMM06440009
2025-04-04 15:47:10,509 - INFO - Processing Booking ID: 2502LCLCMM01020002
2025-04-04 15:47:10,510 - INFO - Processing Booking ID: 2502LCLCMM06370004
2025-04-04 15:47:10,511 - INFO - Processing Booking ID: 2502LCLCMM05970009
2025-04-04 15:47:10,511 - INFO - Processing Booking ID: 2502LCLCMM06080026
2025-04-04 15:47:10,512 - INFO - Processing Booking ID: 2502LCLCMM05470033
2025-04-04 15:47:10,513 - INFO - Processing Booking ID: 2502LCLCMM06680003
2025-04-04 15:47:10,513 - INFO - Processing Booking ID: 2502LCLCMM06680004
2025-04-04 15:47:10,514 - INFO - Processing Booking ID: 2502LCLCMM02460028
2025-04-04 15:47:10,514 - WARNING - Unexpected vdes format for Booking ID 2502LCLCMM02460028: nan
2025-04-04 15:47:10,515 - INFO - Processing Booking ID: 2502LCLCMM06590004
2025-04-04 15:47:10,515 - INFO - Processing Booking ID: 2502LCLCMM06590004
2025-04-04 15:47:10,516 - INFO - Processing Booking ID: 2502LCLCMM06610004
2025-04-04 15:47:10,517 - INFO - Processing Booking ID: 2502LCLCMM06440012
2025-04-04 15:47:10,518 - INFO - Processing Booking ID: 2502LCLCEN04790029
2025-04-04 15:47:10,519 - INFO - Processing Booking ID: 2502LCLCEN04790030
2025-04-04 15:47:10,519 - INFO - Processing Booking ID: 2502LCLCMM06670003
2025-04-04 15:47:10,520 - INFO - Processing Booking ID: 2502LCLCMM02460029
2025-04-04 15:47:10,520 - WARNING - Unexpected vdes format for Booking ID 2502LCLCMM02460029: nan
2025-04-04 15:47:10,520 - INFO - Processing Booking ID: 2502LCLCMM02460030
2025-04-04 15:47:10,520 - WARNING - Unexpected vdes format for Booking ID 2502LCLCMM02460030: nan
2025-04-04 15:47:10,520 - INFO - Processing Booking ID: 2502LCLCMM05470036
2025-04-04 15:47:10,521 - INFO - Processing Booking ID: 2502LCLCMM04880003
2025-04-04 15:47:10,521 - INFO - Processing Booking ID: 2502LCLCMM04910002
2025-04-04 15:47:10,522 - INFO - Processing Booking ID: 2502LCLCEN04790034
2025-04-04 15:47:10,523 - INFO - Processing Booking ID: 2502LCLCMM06440014
2025-04-04 15:47:10,525 - INFO - Processing Booking ID: 2502LCLCMM06570004
2025-04-04 15:47:10,527 - INFO - Processing Booking ID: 2502LCLCMM06590007
2025-04-04 15:47:10,528 - INFO - Processing Booking ID: 2502LCLCMM06440016
2025-04-04 15:47:10,529 - INFO - Processing Booking ID: 2502LCLCMM06570012
2025-04-04 15:47:10,530 - INFO - Processing Booking ID: 2502LCLCMM06570013
2025-04-04 15:47:10,531 - INFO - Processing Booking ID: 2503LCLCMM06610014
2025-04-04 15:47:10,531 - INFO - Processing Booking ID: 2503LCLCMM00500030
2025-04-04 15:47:10,531 - INFO - Processing Booking ID: 2503LCLCMM05750010
2025-04-04 15:47:10,532 - INFO - Processing Booking ID: 2503LCLCMM05470040
2025-04-04 15:47:10,533 - INFO - Processing Booking ID: 2503LCLCMM00430031
2025-04-04 15:47:10,533 - INFO - Processing Booking ID: 2503LCLCEN04790038
2025-04-04 15:47:10,533 - INFO - Processing Booking ID: 2503LCLCMM06630006
2025-04-04 15:47:10,533 - INFO - Processing Booking ID: 2503LCLCMM06280005
2025-04-04 15:47:10,534 - INFO - Processing Booking ID: 2503LCLCMM06630009
2025-04-04 15:47:10,534 - INFO - Processing Booking ID: 2503LCLCMM00500036
2025-04-04 15:47:10,535 - INFO - Processing Booking ID: 2503LCLCMM06830004
2025-04-04 15:47:10,535 - INFO - Processing Booking ID: 2503LCLCMM06830005
2025-04-04 15:47:10,535 - INFO - Processing Booking ID: 2503LCLCMM06830006
2025-04-04 15:47:10,536 - INFO - Processing Booking ID: 2503LCLCMM05470043
2025-04-04 15:47:10,537 - INFO - Processing Booking ID: 2503LCLCMM00780027
2025-04-04 15:47:10,538 - INFO - Processing Booking ID: 2503LCLCMM06570023
2025-04-04 15:47:10,538 - INFO - Processing Booking ID: 2503LCLCMM06570024
2025-04-04 15:47:10,539 - INFO - Processing Booking ID: 2503LCLCMM00430034
2025-04-04 15:47:10,540 - INFO - Processing Booking ID: 2503LCLCMM06440018
2025-04-04 15:47:10,541 - INFO - Processing Booking ID: 2503LCLCMM04870009
2025-04-04 15:47:10,541 - INFO - Processing Booking ID: 2503LCLCEN04790045
2025-04-04 15:47:10,541 - INFO - Processing Booking ID: 2503LCLCMM06570033
2025-04-04 15:47:10,541 - INFO - Processing Booking ID: 2503LCLCMM06570034
2025-04-04 15:47:10,542 - INFO - Processing Booking ID: 2503LCLCMM05540008
2025-04-04 15:47:10,542 - INFO - Processing Booking ID: 2503LCLCMM06910006
2025-04-04 15:47:10,543 - INFO - Processing Booking ID: 2503LCLCMM05930004
2025-04-04 15:47:10,543 - INFO - Processing Booking ID: 2503LCLCMM00430039
2025-04-04 15:47:10,544 - INFO - Processing Booking ID: 2503LCLCMM05580009
2025-04-04 15:47:10,544 - WARNING - Unexpected vdes format for Booking ID 2503LCLCMM05580009: nan
2025-04-04 15:47:10,544 - INFO - Processing Booking ID: 2503LCLCMM06570039
2025-04-04 15:47:10,544 - INFO - Processing Booking ID: 2503LCLCMM06570040
2025-04-04 15:47:10,544 - INFO - Processing Booking ID: 2503LCLCMM00040014
2025-04-04 15:47:10,545 - INFO - Processing Booking ID: 2504LCLCMM00780030
2025-04-04 15:47:10,546 - INFO - Processing Booking ID: 2504LCLCMM07000003
2025-04-04 15:47:10,546 - WARNING - Unexpected vdes format for Booking ID 2504LCLCMM07000003: nan
2025-04-04 15:47:10,546 - INFO - Processing Booking ID: 2504LCLCMM07050004
2025-04-04 15:47:10,546 - WARNING - Unexpected vdes format for Booking ID 2504LCLCMM07050004: nan
2025-04-04 15:47:10,549 - INFO - Finished booking_process with 107 rows created.
2025-04-04 15:47:10,549 - INFO - ****************************************************************************************************
2025-04-04 16:32:29,252 - INFO - Started booking_process function
2025-04-04 16:32:29,254 - INFO - Processing Booking ID: 2501LCLCMM05850007
2025-04-04 16:32:29,257 - INFO - Processing Booking ID: 2501LCLCEN04790013
2025-04-04 16:32:29,258 - INFO - Processing Booking ID: 2501LCLCMM02460018
2025-04-04 16:32:29,258 - WARNING - Unexpected vdes format for Booking ID 2501LCLCMM02460018: nan
2025-04-04 16:32:29,258 - INFO - Processing Booking ID: 2501LCLCMM06300003
2025-04-04 16:32:29,259 - INFO - Processing Booking ID: 2501LCLCMM06300003
2025-04-04 16:32:29,260 - INFO - Processing Booking ID: 2501LCLCMM06300003
2025-04-04 16:32:29,261 - INFO - Processing Booking ID: 2501LCLCMM00430022
2025-04-04 16:32:29,262 - INFO - Processing Booking ID: 2501LCLCEN04790016
2025-04-04 16:32:29,263 - INFO - Processing Booking ID: 2501LCLCMM06370002
2025-04-04 16:32:29,263 - INFO - Processing Booking ID: 2501LCLCMM02460019
2025-04-04 16:32:29,263 - WARNING - Unexpected vdes format for Booking ID 2501LCLCMM02460019: nan
2025-04-04 16:32:29,264 - INFO - Processing Booking ID: 2501LCLCEN04490014
2025-04-04 16:32:29,264 - INFO - Processing Booking ID: 2501LCLCMM04850005
2025-04-04 16:32:29,265 - INFO - Processing Booking ID: 2501LCLCMM06410003
2025-04-04 16:32:29,266 - INFO - Processing Booking ID: 2501LCLCEN04790018
2025-04-04 16:32:29,267 - INFO - Processing Booking ID: 2501LCLCMM00820019
2025-04-04 16:32:29,268 - INFO - Processing Booking ID: 2501LCLCMM05820008
2025-04-04 16:32:29,269 - INFO - Processing Booking ID: 2501LCLCMM02460022
2025-04-04 16:32:29,269 - WARNING - Unexpected vdes format for Booking ID 2501LCLCMM02460022: nan
2025-04-04 16:32:29,269 - INFO - Processing Booking ID: 2501LCLCMM05470020
2025-04-04 16:32:29,270 - INFO - Processing Booking ID: 2501LCLCMM06440006
2025-04-04 16:32:29,270 - INFO - Processing Booking ID: 2501LCLCMM00780022
2025-04-04 16:32:29,271 - INFO - Processing Booking ID: 2501LCLCMM06400002
2025-04-04 16:32:29,272 - INFO - Processing Booking ID: 2501LCLCMM05870011
2025-04-04 16:32:29,273 - INFO - Processing Booking ID: 2501LCLCMM00430024
2025-04-04 16:32:29,274 - INFO - Processing Booking ID: 2501LCLCMM04660007
2025-04-04 16:32:29,274 - INFO - Processing Booking ID: 2501LCLCMM05470024
2025-04-04 16:32:29,275 - INFO - Processing Booking ID: 2501LCLCEN04790020
2025-04-04 16:32:29,276 - INFO - Processing Booking ID: 2501LCLCMM00820021
2025-04-04 16:32:29,277 - INFO - Processing Booking ID: 2501LCLCEN04470006
2025-04-04 16:32:29,278 - INFO - Processing Booking ID: 2501LCLCMM02460023
2025-04-04 16:32:29,278 - WARNING - Unexpected vdes format for Booking ID 2501LCLCMM02460023: nan
2025-04-04 16:32:29,278 - INFO - Processing Booking ID: 2501LCLCMM02460024
2025-04-04 16:32:29,278 - WARNING - Unexpected vdes format for Booking ID 2501LCLCMM02460024: nan
2025-04-04 16:32:29,278 - INFO - Processing Booking ID: 2501LCLCMM03400022
2025-04-04 16:32:29,279 - INFO - Processing Booking ID: 2501LCLCMM05470028
2025-04-04 16:32:29,280 - INFO - Processing Booking ID: 2501LCLCMM06410009
2025-04-04 16:32:29,281 - INFO - Processing Booking ID: 2501LCLCMM00780024
2025-04-04 16:32:29,281 - INFO - Processing Booking ID: 2501LCLCEN05850014
2025-04-04 16:32:29,282 - INFO - Processing Booking ID: 2501LCLCMM02460025
2025-04-04 16:32:29,282 - WARNING - Unexpected vdes format for Booking ID 2501LCLCMM02460025: nan
2025-04-04 16:32:29,283 - INFO - Processing Booking ID: 2501LCLCMM00820023
2025-04-04 16:32:29,285 - INFO - Processing Booking ID: 2501LCLCEN04790025
2025-04-04 16:32:29,286 - INFO - Processing Booking ID: 2501LCLCMM02460026
2025-04-04 16:32:29,286 - WARNING - Unexpected vdes format for Booking ID 2501LCLCMM02460026: nan
2025-04-04 16:32:29,286 - INFO - Processing Booking ID: 2501LCLCMM02460027
2025-04-04 16:32:29,286 - WARNING - Unexpected vdes format for Booking ID 2501LCLCMM02460027: nan
2025-04-04 16:32:29,287 - INFO - Processing Booking ID: 2501LCLCEN04470034
2025-04-04 16:32:29,287 - INFO - Processing Booking ID: 2501LCLCMM05870014
2025-04-04 16:32:29,288 - INFO - Processing Booking ID: 2501LCLCMM06080021
2025-04-04 16:32:29,289 - INFO - Processing Booking ID: 2501LCLCMM06080023
2025-04-04 16:32:29,290 - INFO - Processing Booking ID: 2502LCLCMM05990005
2025-04-04 16:32:29,291 - INFO - Processing Booking ID: 2502LCLCMM06440009
2025-04-04 16:32:29,291 - INFO - Processing Booking ID: 2502LCLCMM01020002
2025-04-04 16:32:29,292 - INFO - Processing Booking ID: 2502LCLCMM06370004
2025-04-04 16:32:29,293 - INFO - Processing Booking ID: 2502LCLCMM05970009
2025-04-04 16:32:29,293 - INFO - Processing Booking ID: 2502LCLCMM06080026
2025-04-04 16:32:29,294 - INFO - Processing Booking ID: 2502LCLCMM05470033
2025-04-04 16:32:29,295 - INFO - Processing Booking ID: 2502LCLCMM06680003
2025-04-04 16:32:29,296 - INFO - Processing Booking ID: 2502LCLCMM06680004
2025-04-04 16:32:29,297 - INFO - Processing Booking ID: 2502LCLCMM02460028
2025-04-04 16:32:29,297 - WARNING - Unexpected vdes format for Booking ID 2502LCLCMM02460028: nan
2025-04-04 16:32:29,297 - INFO - Processing Booking ID: 2502LCLCMM06590004
2025-04-04 16:32:29,299 - INFO - Processing Booking ID: 2502LCLCMM06590004
2025-04-04 16:32:29,300 - INFO - Processing Booking ID: 2502LCLCMM06610004
2025-04-04 16:32:29,301 - INFO - Processing Booking ID: 2502LCLCMM06440012
2025-04-04 16:32:29,302 - INFO - Processing Booking ID: 2502LCLCEN04790029
2025-04-04 16:32:29,303 - INFO - Processing Booking ID: 2502LCLCEN04790030
2025-04-04 16:32:29,303 - INFO - Processing Booking ID: 2502LCLCMM06670003
2025-04-04 16:32:29,304 - INFO - Processing Booking ID: 2502LCLCMM02460029
2025-04-04 16:32:29,304 - WARNING - Unexpected vdes format for Booking ID 2502LCLCMM02460029: nan
2025-04-04 16:32:29,305 - INFO - Processing Booking ID: 2502LCLCMM02460030
2025-04-04 16:32:29,305 - WARNING - Unexpected vdes format for Booking ID 2502LCLCMM02460030: nan
2025-04-04 16:32:29,305 - INFO - Processing Booking ID: 2502LCLCMM05470036
2025-04-04 16:32:29,306 - INFO - Processing Booking ID: 2502LCLCMM04880003
2025-04-04 16:32:29,306 - INFO - Processing Booking ID: 2502LCLCMM04910002
2025-04-04 16:32:29,307 - INFO - Processing Booking ID: 2502LCLCEN04790034
2025-04-04 16:32:29,308 - INFO - Processing Booking ID: 2502LCLCMM06440014
2025-04-04 16:32:29,308 - INFO - Processing Booking ID: 2502LCLCMM06570004
2025-04-04 16:32:29,309 - INFO - Processing Booking ID: 2502LCLCMM06590007
2025-04-04 16:32:29,310 - INFO - Processing Booking ID: 2502LCLCMM06440016
2025-04-04 16:32:29,311 - INFO - Processing Booking ID: 2502LCLCMM06570012
2025-04-04 16:32:29,313 - INFO - Processing Booking ID: 2502LCLCMM06570013
2025-04-04 16:32:29,314 - INFO - Processing Booking ID: 2503LCLCMM06610014
2025-04-04 16:32:29,315 - INFO - Processing Booking ID: 2503LCLCMM00500030
2025-04-04 16:32:29,315 - INFO - Processing Booking ID: 2503LCLCMM05750010
2025-04-04 16:32:29,316 - INFO - Processing Booking ID: 2503LCLCMM05470040
2025-04-04 16:32:29,316 - INFO - Processing Booking ID: 2503LCLCMM00430031
2025-04-04 16:32:29,317 - INFO - Processing Booking ID: 2503LCLCEN04790038
2025-04-04 16:32:29,317 - INFO - Processing Booking ID: 2503LCLCMM06630006
2025-04-04 16:32:29,317 - INFO - Processing Booking ID: 2503LCLCMM06280005
2025-04-04 16:32:29,317 - INFO - Processing Booking ID: 2503LCLCMM06630009
2025-04-04 16:32:29,317 - INFO - Processing Booking ID: 2503LCLCMM00500036
2025-04-04 16:32:29,318 - INFO - Processing Booking ID: 2503LCLCMM06830004
2025-04-04 16:32:29,319 - INFO - Processing Booking ID: 2503LCLCMM06830005
2025-04-04 16:32:29,319 - INFO - Processing Booking ID: 2503LCLCMM06830006
2025-04-04 16:32:29,320 - INFO - Processing Booking ID: 2503LCLCMM05470043
2025-04-04 16:32:29,320 - INFO - Processing Booking ID: 2503LCLCMM00780027
2025-04-04 16:32:29,321 - INFO - Processing Booking ID: 2503LCLCMM06570023
2025-04-04 16:32:29,322 - INFO - Processing Booking ID: 2503LCLCMM06570024
2025-04-04 16:32:29,322 - INFO - Processing Booking ID: 2503LCLCMM00430034
2025-04-04 16:32:29,323 - INFO - Processing Booking ID: 2503LCLCMM06440018
2025-04-04 16:32:29,324 - INFO - Processing Booking ID: 2503LCLCMM04870009
2025-04-04 16:32:29,324 - INFO - Processing Booking ID: 2503LCLCEN04790045
2025-04-04 16:32:29,324 - INFO - Processing Booking ID: 2503LCLCMM06570033
2025-04-04 16:32:29,324 - INFO - Processing Booking ID: 2503LCLCMM06570034
2025-04-04 16:32:29,325 - INFO - Processing Booking ID: 2503LCLCMM05540008
2025-04-04 16:32:29,325 - INFO - Processing Booking ID: 2503LCLCMM06910006
2025-04-04 16:32:29,326 - INFO - Processing Booking ID: 2503LCLCMM05930004
2025-04-04 16:32:29,326 - INFO - Processing Booking ID: 2503LCLCMM00430039
2025-04-04 16:32:29,327 - INFO - Processing Booking ID: 2503LCLCMM05580009
2025-04-04 16:32:29,327 - WARNING - Unexpected vdes format for Booking ID 2503LCLCMM05580009: nan
2025-04-04 16:32:29,327 - INFO - Processing Booking ID: 2503LCLCMM06570039
2025-04-04 16:32:29,327 - INFO - Processing Booking ID: 2503LCLCMM06570040
2025-04-04 16:32:29,327 - INFO - Processing Booking ID: 2503LCLCMM00040014
2025-04-04 16:32:29,328 - INFO - Processing Booking ID: 2504LCLCMM00780030
2025-04-04 16:32:29,329 - INFO - Processing Booking ID: 2504LCLCMM07000003
2025-04-04 16:32:29,330 - WARNING - Unexpected vdes format for Booking ID 2504LCLCMM07000003: nan
2025-04-04 16:32:29,330 - INFO - Processing Booking ID: 2504LCLCMM07050004
2025-04-04 16:32:29,330 - WARNING - Unexpected vdes format for Booking ID 2504LCLCMM07050004: nan
2025-04-04 16:32:29,332 - INFO - Finished booking_process with 107 rows created.
2025-04-04 16:32:29,333 - INFO - ****************************************************************************************************
