2025-04-07 12:49:45,603 - INFO - Total rows in existing report: 0
2025-04-07 12:49:45,603 - INFO - Total rows in generated report: 108
2025-04-07 12:49:45,604 - INFO - Columns to compare (excluding keys and excluded): ['Customer Name', 'MBL#', 'HBL#', 'Booking Status', 'FBA?', 'Stuffing Date', 'Container #', 'ETD', 'ETA', 'SOB', 'ATA', 'Carrier', 'Consolidator', 'Origin', 'FPOD', 'Delivery Address', 'FBA Code', 'Packages', 'Pallets', 'importClearance', 'Duty Invoice', 'Duty Invoice Status', 'LFD', 'DO Released Date', 'Pick-up Date', 'Delivery Date', 'Updated Status Remarks']
2025-04-07 12:49:45,606 - INFO - Common keys: 0
2025-04-07 12:49:45,606 - INFO - New keys (to be added): 105
2025-04-07 12:49:45,652 - INFO - Changed records: 0
2025-04-07 12:49:45,668 - INFO - Final updated report rows: 108
2025-04-07 12:49:45,668 - INFO - ****************************************************************************************************
2025-04-07 11:05:35,031 - INFO - Total rows in existing report: 108
2025-04-07 11:05:35,032 - INFO - Total rows in generated report: 108
2025-04-07 11:05:35,032 - INFO - Columns to compare (excluding keys and excluded): ['Customer Name', 'MBL#', 'HBL#', 'Booking Status', 'FBA?', 'Stuffing Date', 'Container #', 'ETD', 'ETA', 'SOB', 'ATA', 'Carrier', 'Consolidator', 'Origin', 'FPOD', 'Delivery Address', 'FBA Code', 'Packages', 'Pallets', 'importClearance', 'Duty Invoice', 'Duty Invoice Status', 'LFD', 'DO Released Date', 'Pick-up Date', 'Delivery Date', 'Updated Status Remarks']
2025-04-07 11:05:35,033 - INFO - Common keys: 105
2025-04-07 11:05:35,033 - INFO - New keys (to be added): 0
2025-04-07 11:05:35,072 - INFO - Changed records: 1
2025-04-07 11:05:35,072 - INFO - Sample changes:
2025-04-07 11:05:35,090 - INFO -                    Customer Name       MBL#       HBL#       Booking Status       FBA?       Stuffing Date       Container #        ETD        ETA        SOB        ATA       Carrier       Consolidator       Origin       FPOD       Delivery Address                                                                           FBA Code       Packages        Pallets       importClearance       Duty Invoice       Duty Invoice Status        LFD       DO Released Date       Pick-up Date       Delivery Date       Updated Status Remarks      
                            self other self other self other           self other self other          self other        self other self other self other self other self other    self other         self other   self other self other             self                                                                     other     self other     self  other    self other            self other         self other                self other self other             self other         self other          self other                   self other
Agraga Booking #                                                                                                                                                                                                                                                                                                                                                                                                                                                                                                                                        
2503LCLCMM06570034           NaN   NaN  NaN   NaN  NaN   NaN            NaN   NaN  NaN   NaN           NaN   NaN         NaN   NaN  NaN   NaN  NaN   NaN  NaN   NaN  NaN   NaN     NaN   NaN          NaN   NaN    NaN   NaN  NaN   NaN              NaN  19116, Northeast Philadelphia, Philadelphia, Pennsylvania, United States      NaN   NaN      NaN  540.0     NaN   NaN             NaN   NaN          NaN   NaN                 NaN   NaN  NaN   NaN              NaN   NaN          NaN   NaN           NaN   NaN                    NaN   NaN
2025-04-07 11:05:35,108 - INFO - Final updated report rows: 108
2025-04-07 11:05:35,108 - INFO - ****************************************************************************************************
2025-04-07 11:11:12,432 - INFO - Total rows in existing report: 108
2025-04-07 11:11:12,432 - INFO - Total rows in generated report: 108
2025-04-07 11:11:12,432 - INFO - Columns to compare (excluding keys and excluded): ['Customer Name', 'MBL#', 'HBL#', 'Booking Status', 'FBA?', 'Stuffing Date', 'Container #', 'ETD', 'ETA', 'SOB', 'ATA', 'Carrier', 'Consolidator', 'Origin', 'FPOD', 'Delivery Address', 'FBA Code', 'Packages', 'Pallets', 'importClearance', 'Duty Invoice', 'Duty Invoice Status', 'LFD', 'DO Released Date', 'Pick-up Date', 'Delivery Date', 'Updated Status Remarks']
2025-04-07 11:11:12,434 - INFO - Common keys: 105
2025-04-07 11:11:12,434 - INFO - New keys (to be added): 0
2025-04-07 11:11:12,473 - INFO - Changed records: 0
2025-04-07 11:11:12,473 - INFO - Sample changes:
2025-04-07 11:11:12,481 - INFO - Empty DataFrame
Columns: [(Customer Name, self), (Customer Name, other), (MBL#, self), (MBL#, other), (HBL#, self), (HBL#, other), (Booking Status, self), (Booking Status, other), (FBA?, self), (FBA?, other), (Stuffing Date, self), (Stuffing Date, other), (Container #, self), (Container #, other), (ETD, self), (ETD, other), (ETA, self), (ETA, other), (SOB, self), (SOB, other), (ATA, self), (ATA, other), (Carrier, self), (Carrier, other), (Consolidator, self), (Consolidator, other), (Origin, self), (Origin, other), (FPOD, self), (FPOD, other), (Delivery Address, self), (Delivery Address, other), (FBA Code, self), (FBA Code, other), (Packages, self), (Packages, other), (Pallets, self), (Pallets, other), (importClearance, self), (importClearance, other), (Duty Invoice, self), (Duty Invoice, other), (Duty Invoice Status, self), (Duty Invoice Status, other), (LFD, self), (LFD, other), (DO Released Date, self), (DO Released Date, other), (Pick-up Date, self), (Pick-up Date, other), (Delivery Date, self), (Delivery Date, other), (Updated Status Remarks, self), (Updated Status Remarks, other)]
Index: []
2025-04-07 11:11:12,491 - INFO - Final updated report rows: 108
2025-04-07 11:11:12,491 - INFO - ****************************************************************************************************
